# JRE version: Java(TM) SE Runtime Environment (24.0.1+9) (build 24.0.1+9-30)
# Java VM: Java HotSpot(TM) 64-Bit Server VM (24.0.1+9-30, mixed mode, sharing, tiered, compressed oops, compressed class ptrs, g1 gc, windows-amd64)
GC Precious Log:
 CardTable entry size: 512
 Card Set container configuration: InlinePtr #cards 4 size 8 Array Of Cards #cards 16 size 48 Howl #buckets 8 coarsen threshold 3686 Howl Bitmap #cards 512 size 80 coarsen threshold 460 Card regions per heap region 1 cards per card region 4096
 CPUs: 16 total, 16 available
 Memory: 16068M
 Large Page Support: Disabled
 NUMA Support: Disabled
 Compressed Oops: Enabled (Zero based)
 Heap Region Size: 2M
 Heap Min Capacity: 8M
 Heap Initial Capacity: 252M
 Heap Max Capacity: 4018M
 Pre-touch: Disabled
 Parallel Workers: 13
 Concurrent Workers: 3
 Concurrent Refinement Workers: 13
 Periodic GC: Disabled
Heap:
 garbage-first heap   total reserved 4114432K, committed 61440K, used 48034K [0x0000000704e00000, 0x0000000800000000)
  region size 2048K, 12 young (24576K), 2 survivors (4096K)
 Metaspace       used 76659K, committed 77248K, reserved 1179648K
  class space    used 8060K, committed 8320K, reserved 1048576K
GC Heap History (20 events):
Event: 6.874 GC heap before
{Heap before GC invocations=5 (full 0):
 garbage-first heap   total reserved 4114432K, committed 61440K, used 43320K [0x0000000704e00000, 0x0000000800000000)
  region size 2048K, 16 young (32768K), 3 survivors (6144K)
 Metaspace       used 32252K, committed 32640K, reserved 1114112K
  class space    used 3147K, committed 3328K, reserved 1048576K
}
Event: 6.889 GC heap after
{Heap after GC invocations=6 (full 0):
 garbage-first heap   total reserved 4114432K, committed 61440K, used 18917K [0x0000000704e00000, 0x0000000800000000)
  region size 2048K, 2 young (4096K), 2 survivors (4096K)
 Metaspace       used 32252K, committed 32640K, reserved 1114112K
  class space    used 3147K, committed 3328K, reserved 1048576K
}
Event: 7.516 GC heap before
{Heap before GC invocations=6 (full 0):
 garbage-first heap   total reserved 4114432K, committed 61440K, used 33253K [0x0000000704e00000, 0x0000000800000000)
  region size 2048K, 10 young (20480K), 2 survivors (4096K)
 Metaspace       used 35635K, committed 35968K, reserved 1114112K
  class space    used 3476K, committed 3648K, reserved 1048576K
}
Event: 7.521 GC heap after
{Heap after GC invocations=7 (full 0):
 garbage-first heap   total reserved 4114432K, committed 61440K, used 19944K [0x0000000704e00000, 0x0000000800000000)
  region size 2048K, 1 young (2048K), 1 survivors (2048K)
 Metaspace       used 35635K, committed 35968K, reserved 1114112K
  class space    used 3476K, committed 3648K, reserved 1048576K
}
Event: 8.685 GC heap before
{Heap before GC invocations=8 (full 0):
 garbage-first heap   total reserved 4114432K, committed 61440K, used 46568K [0x0000000704e00000, 0x0000000800000000)
  region size 2048K, 14 young (28672K), 1 survivors (2048K)
 Metaspace       used 41018K, committed 41536K, reserved 1114112K
  class space    used 4056K, committed 4288K, reserved 1048576K
}
Event: 8.688 GC heap after
{Heap after GC invocations=9 (full 0):
 garbage-first heap   total reserved 4114432K, committed 61440K, used 21500K [0x0000000704e00000, 0x0000000800000000)
  region size 2048K, 2 young (4096K), 2 survivors (4096K)
 Metaspace       used 41018K, committed 41536K, reserved 1114112K
  class space    used 4056K, committed 4288K, reserved 1048576K
}
Event: 9.960 GC heap before
{Heap before GC invocations=9 (full 0):
 garbage-first heap   total reserved 4114432K, committed 61440K, used 46076K [0x0000000704e00000, 0x0000000800000000)
  region size 2048K, 15 young (30720K), 2 survivors (4096K)
 Metaspace       used 47925K, committed 48320K, reserved 1114112K
  class space    used 4782K, committed 4928K, reserved 1048576K
}
Event: 9.966 GC heap after
{Heap after GC invocations=10 (full 0):
 garbage-first heap   total reserved 4114432K, committed 61440K, used 22924K [0x0000000704e00000, 0x0000000800000000)
  region size 2048K, 2 young (4096K), 2 survivors (4096K)
 Metaspace       used 47925K, committed 48320K, reserved 1114112K
  class space    used 4782K, committed 4928K, reserved 1048576K
}
Event: 10.869 GC heap before
{Heap before GC invocations=10 (full 0):
 garbage-first heap   total reserved 4114432K, committed 61440K, used 49548K [0x0000000704e00000, 0x0000000800000000)
  region size 2048K, 15 young (30720K), 2 survivors (4096K)
 Metaspace       used 54976K, committed 55424K, reserved 1114112K
  class space    used 5430K, committed 5632K, reserved 1048576K
}
Event: 10.874 GC heap after
{Heap after GC invocations=11 (full 0):
 garbage-first heap   total reserved 4114432K, committed 61440K, used 24442K [0x0000000704e00000, 0x0000000800000000)
  region size 2048K, 2 young (4096K), 2 survivors (4096K)
 Metaspace       used 54976K, committed 55424K, reserved 1114112K
  class space    used 5430K, committed 5632K, reserved 1048576K
}
Event: 11.718 GC heap before
{Heap before GC invocations=11 (full 0):
 garbage-first heap   total reserved 4114432K, committed 61440K, used 44922K [0x0000000704e00000, 0x0000000800000000)
  region size 2048K, 14 young (28672K), 2 survivors (4096K)
 Metaspace       used 59758K, committed 60160K, reserved 1114112K
  class space    used 6060K, committed 6208K, reserved 1048576K
}
Event: 11.724 GC heap after
{Heap after GC invocations=12 (full 0):
 garbage-first heap   total reserved 4114432K, committed 61440K, used 25589K [0x0000000704e00000, 0x0000000800000000)
  region size 2048K, 2 young (4096K), 2 survivors (4096K)
 Metaspace       used 59758K, committed 60160K, reserved 1114112K
  class space    used 6060K, committed 6208K, reserved 1048576K
}
Event: 12.586 GC heap before
{Heap before GC invocations=13 (full 0):
 garbage-first heap   total reserved 4114432K, committed 61440K, used 48117K [0x0000000704e00000, 0x0000000800000000)
  region size 2048K, 14 young (28672K), 2 survivors (4096K)
 Metaspace       used 63516K, committed 64000K, reserved 1114112K
  class space    used 6493K, committed 6720K, reserved 1048576K
}
Event: 12.590 GC heap after
{Heap after GC invocations=14 (full 0):
 garbage-first heap   total reserved 4114432K, committed 61440K, used 27289K [0x0000000704e00000, 0x0000000800000000)
  region size 2048K, 2 young (4096K), 2 survivors (4096K)
 Metaspace       used 63516K, committed 64000K, reserved 1114112K
  class space    used 6493K, committed 6720K, reserved 1048576K
}
Event: 13.531 GC heap before
{Heap before GC invocations=14 (full 0):
 garbage-first heap   total reserved 4114432K, committed 61440K, used 51865K [0x0000000704e00000, 0x0000000800000000)
  region size 2048K, 14 young (28672K), 2 survivors (4096K)
 Metaspace       used 66027K, committed 66560K, reserved 1114112K
  class space    used 6783K, committed 7040K, reserved 1048576K
}
Event: 13.538 GC heap after
{Heap after GC invocations=15 (full 0):
 garbage-first heap   total reserved 4114432K, committed 61440K, used 28826K [0x0000000704e00000, 0x0000000800000000)
  region size 2048K, 2 young (4096K), 2 survivors (4096K)
 Metaspace       used 66027K, committed 66560K, reserved 1114112K
  class space    used 6783K, committed 7040K, reserved 1048576K
}
Event: 38.080 GC heap before
{Heap before GC invocations=15 (full 0):
 garbage-first heap   total reserved 4114432K, committed 61440K, used 51354K [0x0000000704e00000, 0x0000000800000000)
  region size 2048K, 13 young (26624K), 2 survivors (4096K)
 Metaspace       used 69441K, committed 69952K, reserved 1114112K
  class space    used 7195K, committed 7424K, reserved 1048576K
}
Event: 38.086 GC heap after
{Heap after GC invocations=16 (full 0):
 garbage-first heap   total reserved 4114432K, committed 61440K, used 30694K [0x0000000704e00000, 0x0000000800000000)
  region size 2048K, 2 young (4096K), 2 survivors (4096K)
 Metaspace       used 69441K, committed 69952K, reserved 1114112K
  class space    used 7195K, committed 7424K, reserved 1048576K
}
Event: 49.646 GC heap before
{Heap before GC invocations=16 (full 0):
 garbage-first heap   total reserved 4114432K, committed 61440K, used 49126K [0x0000000704e00000, 0x0000000800000000)
  region size 2048K, 12 young (24576K), 2 survivors (4096K)
 Metaspace       used 74720K, committed 75264K, reserved 1179648K
  class space    used 7865K, committed 8128K, reserved 1048576K
}
Event: 49.652 GC heap after
{Heap after GC invocations=17 (full 0):
 garbage-first heap   total reserved 4114432K, committed 61440K, used 31650K [0x0000000704e00000, 0x0000000800000000)
  region size 2048K, 2 young (4096K), 2 survivors (4096K)
 Metaspace       used 74720K, committed 75264K, reserved 1179648K
  class space    used 7865K, committed 8128K, reserved 1048576K
}

